[0406/193433.261:INFO:CONSOLE:0] "The resource https://wver.sprintstaticdata.com/v212/static/front/js/dev.js was preloaded using link preload but not used within a few seconds from the window's load event. Please make sure it has an appropriate `as` value and it is preloaded intentionally.", source: https://rebel777.co/ (0)
[0406/193433.262:INFO:CONSOLE:0] "The resource https://wver.sprintstaticdata.com/v212/static/front/js/vendor4.js was preloaded using link preload but not used within a few seconds from the window's load event. Please make sure it has an appropriate `as` value and it is preloaded intentionally.", source: https://rebel777.co/ (0)
[0406/193433.262:INFO:CONSOLE:0] "The resource https://wver.sprintstaticdata.com/v212/static/front/js/vendor2.js was preloaded using link preload but not used within a few seconds from the window's load event. Please make sure it has an appropriate `as` value and it is preloaded intentionally.", source: https://rebel777.co/ (0)
[0406/193433.262:INFO:CONSOLE:0] "The resource https://wver.sprintstaticdata.com/v212/static/front/js/sw.js was preloaded using link preload but not used within a few seconds from the window's load event. Please make sure it has an appropriate `as` value and it is preloaded intentionally.", source: https://rebel777.co/ (0)
[0406/193433.262:INFO:CONSOLE:0] "The resource https://wver.sprintstaticdata.com/v212/static/front/js/vendor1.js was preloaded using link preload but not used within a few seconds from the window's load event. Please make sure it has an appropriate `as` value and it is preloaded intentionally.", source: https://rebel777.co/ (0)
[0406/193433.262:INFO:CONSOLE:0] "The resource https://wver.sprintstaticdata.com/v212/static/front/js/vendor3.js was preloaded using link preload but not used within a few seconds from the window's load event. Please make sure it has an appropriate `as` value and it is preloaded intentionally.", source: https://rebel777.co/ (0)
[0406/193433.262:INFO:CONSOLE:0] "The resource https://wver.sprintstaticdata.com/v212/static/front/js/typed.min.js was preloaded using link preload but not used within a few seconds from the window's load event. Please make sure it has an appropriate `as` value and it is preloaded intentionally.", source: https://rebel777.co/ (0)
[0406/193433.262:INFO:CONSOLE:0] "The resource https://wver.sprintstaticdata.com/v212/static/front/js/vendor.js was preloaded using link preload but not used within a few seconds from the window's load event. Please make sure it has an appropriate `as` value and it is preloaded intentionally.", source: https://rebel777.co/ (0)
[0406/193433.262:INFO:CONSOLE:0] "The resource https://wver.sprintstaticdata.com/v212/static/front/js/vendor5.js was preloaded using link preload but not used within a few seconds from the window's load event. Please make sure it has an appropriate `as` value and it is preloaded intentionally.", source: https://rebel777.co/ (0)
[0406/193433.262:INFO:CONSOLE:0] "The resource https://wver.sprintstaticdata.com/v212/static/front/js/vendor6.js was preloaded using link preload but not used within a few seconds from the window's load event. Please make sure it has an appropriate `as` value and it is preloaded intentionally.", source: https://rebel777.co/ (0)
[0406/193433.262:INFO:CONSOLE:0] "The resource https://wver.sprintstaticdata.com/v212/static/front/js/custom.js was preloaded using link preload but not used within a few seconds from the window's load event. Please make sure it has an appropriate `as` value and it is preloaded intentionally.", source: https://rebel777.co/ (0)
[0406/193435.612:INFO:CONSOLE:2] "true", source:  (2)
[0406/193436.057:INFO:CONSOLE:2] "Uncaught (in promise) TypeError: Cannot read properties of undefined (reading 'salt')", source: https://wver.sprintstaticdata.com/v212/static/front/js/vendor5.js (2)
[0406/193436.058:INFO:CONSOLE:2] "Uncaught (in promise) AxiosError: Request failed with status code 400", source: https://wver.sprintstaticdata.com/v212/static/front/js/dev.js (2)
[0406/193436.137:INFO:CONSOLE:0] "An iframe which has both allow-scripts and allow-same-origin for its sandbox attribute can escape its sandboxing.", source: https://www.google.com/recaptcha/api2/anchor?ar=1&k=6LdHQuwbAAAAAAqyOQcZt3bejXYn5jlgPj0bDOO7&co=aHR0cHM6Ly9yZWJlbDc3Ny5jbzo0NDM.&hl=en&v=kUYUkUlSyqkjTSMaN2w3RaOh&size=invisible&anchor-ms=20000&execute-ms=30000&cb=yuf04dhmai7o (0)
[0406/193438.949:INFO:CONSOLE:2] "true", source:  (2)
[0406/193439.074:INFO:CONSOLE:2] "Uncaught (in promise) AxiosError: Request failed with status code 400", source: https://wver.sprintstaticdata.com/v212/static/front/js/dev.js (2)
[0406/193439.209:INFO:CONSOLE:0] "An iframe which has both allow-scripts and allow-same-origin for its sandbox attribute can escape its sandboxing.", source: https://www.google.com/recaptcha/api2/anchor?ar=1&k=6LdHQuwbAAAAAAqyOQcZt3bejXYn5jlgPj0bDOO7&co=aHR0cHM6Ly9yZWJlbDc3Ny5jbzo0NDM.&hl=en&v=kUYUkUlSyqkjTSMaN2w3RaOh&size=invisible&anchor-ms=20000&execute-ms=30000&cb=g92fbejt6d2p (0)
[0406/193439.268:INFO:CONSOLE:2] "Uncaught (in promise) AxiosError: Request failed with status code 400", source: https://wver.sprintstaticdata.com/v212/static/front/js/dev.js (2)
[0406/193439.345:INFO:CONSOLE:2] "Uncaught (in promise) AxiosError: Request failed with status code 400", source: https://wver.sprintstaticdata.com/v212/static/front/js/dev.js (2)
[0406/193439.348:INFO:CONSOLE:2] "Uncaught (in promise) AxiosError: Request failed with status code 400", source: https://wver.sprintstaticdata.com/v212/static/front/js/dev.js (2)
[0406/193439.390:INFO:CONSOLE:2] "Uncaught (in promise) AxiosError: Request failed with status code 400", source: https://wver.sprintstaticdata.com/v212/static/front/js/dev.js (2)
[0406/193439.390:INFO:CONSOLE:2] "Uncaught (in promise) AxiosError: Request failed with status code 400", source: https://wver.sprintstaticdata.com/v212/static/front/js/dev.js (2)
[0406/193439.671:INFO:CONSOLE:2] "Uncaught (in promise) AxiosError: Request failed with status code 400", source: https://wver.sprintstaticdata.com/v212/static/front/js/dev.js (2)
[0406/193442.415:INFO:CONSOLE:2] "true", source:  (2)
[0406/193442.669:INFO:CONSOLE:0] "An iframe which has both allow-scripts and allow-same-origin for its sandbox attribute can escape its sandboxing.", source: https://www.google.com/recaptcha/api2/anchor?ar=1&k=6LdHQuwbAAAAAAqyOQcZt3bejXYn5jlgPj0bDOO7&co=aHR0cHM6Ly9yZWJlbDc3Ny5jbzo0NDM.&hl=en&v=kUYUkUlSyqkjTSMaN2w3RaOh&size=invisible&anchor-ms=20000&execute-ms=30000&cb=8oso7617wl0e (0)
[0406/193442.769:INFO:CONSOLE:2] "Uncaught (in promise) AxiosError: Request failed with status code 400", source: https://wver.sprintstaticdata.com/v212/static/front/js/dev.js (2)
[0406/193442.769:INFO:CONSOLE:2] "Uncaught (in promise) AxiosError: Request failed with status code 400", source: https://wver.sprintstaticdata.com/v212/static/front/js/dev.js (2)
[0406/193442.785:INFO:CONSOLE:2] "Uncaught (in promise) AxiosError: Request failed with status code 400", source: https://wver.sprintstaticdata.com/v212/static/front/js/dev.js (2)
[0406/193442.870:INFO:CONSOLE:2] "Uncaught (in promise) AxiosError: Request failed with status code 400", source: https://wver.sprintstaticdata.com/v212/static/front/js/dev.js (2)
[0406/193443.303:INFO:CONSOLE:2] "Uncaught (in promise) AxiosError: Request failed with status code 400", source: https://wver.sprintstaticdata.com/v212/static/front/js/dev.js (2)
[0406/193446.877:INFO:CONSOLE:2] "Uncaught (in promise) AxiosError: Request failed with status code 400", source: https://wver.sprintstaticdata.com/v212/static/front/js/dev.js (2)
[0406/193455.788:INFO:CONSOLE:2] "Uncaught (in promise) AxiosError: Request failed with status code 400", source: https://wver.sprintstaticdata.com/v212/static/front/js/dev.js (2)
